<?xml version="1.0" encoding="UTF-8"?>
<!-- Generated by org.testng.reporters.JUnitReportReporter -->
<testsuite skipped="0" hostname="LAPTOP-5DN4VF2K" name="com.herokuapp.internet.testsuite.LoginPageTest" tests="3" failures="0" timestamp="2022-12-12T22:05:16 GMT" time="13.221" errors="0">
  <testcase name="verifyUserShouldLoginSuccessfullyWithValidCredentials" time="4.152" classname="com.herokuapp.internet.testsuite.LoginPageTest"/>
  <system-out>
    <![CDATA[Enter username tomsmith to username field[[ChromeDriver: chrome on WINDOWS (d56d281749d43a15ef2da98bce06fd54)] -> name: username]
 Enter password SuperSecretPassword!  to password field [[ChromeDriver: chrome on WINDOWS (d56d281749d43a15ef2da98bce06fd54)] -> id: password]
Click On Login Button[[ChromeDriver: chrome on WINDOWS (d56d281749d43a15ef2da98bce06fd54)] -> xpath: //i[@class="fa fa-2x fa-sign-in"]]
get Welcome Text[[ChromeDriver: chrome on WINDOWS (d56d281749d43a15ef2da98bce06fd54)] -> xpath: //h4[contains(text(),'Welcome to the Secure Area. When you are done click logout below.')]]]]>
  </system-out>
  <testcase name="verifyTheUsernameErrorMessage" time="5.133" classname="com.herokuapp.internet.testsuite.LoginPageTest"/>
  <system-out>
    <![CDATA[Enter username tomsmith1 to username field[[ChromeDriver: chrome on WINDOWS (52cdb79374d22f358b88a76caab7475f)] -> name: username]
 Enter password SuperSecretPassword!  to password field [[ChromeDriver: chrome on WINDOWS (52cdb79374d22f358b88a76caab7475f)] -> id: password]
Click On Login Button[[ChromeDriver: chrome on WINDOWS (52cdb79374d22f358b88a76caab7475f)] -> xpath: //i[@class="fa fa-2x fa-sign-in"]]
get UserName Invalid Text[[ChromeDriver: chrome on WINDOWS (52cdb79374d22f358b88a76caab7475f)] -> xpath: //div[@class="flash error"]]]]>
  </system-out>
  <testcase name="verifyThePasswordErrorMessage" time="3.936" classname="com.herokuapp.internet.testsuite.LoginPageTest"/>
  <system-out>
    <![CDATA[Enter username tomsmith to username field[[ChromeDriver: chrome on WINDOWS (370abf36cd9692f41f83f22c22e71f8b)] -> name: username]
 Enter password SuperSecretPassword  to password field [[ChromeDriver: chrome on WINDOWS (370abf36cd9692f41f83f22c22e71f8b)] -> id: password]
Click On Login Button[[ChromeDriver: chrome on WINDOWS (370abf36cd9692f41f83f22c22e71f8b)] -> xpath: //i[@class="fa fa-2x fa-sign-in"]]
get Password Invalid Text[[ChromeDriver: chrome on WINDOWS (370abf36cd9692f41f83f22c22e71f8b)] -> xpath: //div[@class="flash error"]]]]>
  </system-out>
</testsuite> <!-- com.herokuapp.internet.testsuite.LoginPageTest -->
